[debug] [2025-11-16T18:39:38.508Z] ----------------------------------------------------------------------
[debug] [2025-11-16T18:39:38.518Z] Command:       C:\Program Files\nodejs\node.exe C:\Users\bruno\AppData\Roaming\npm\node_modules\firebase-tools\lib\bin\firebase.js deploy --only functions
[debug] [2025-11-16T18:39:38.519Z] CLI Version:   14.25.0
[debug] [2025-11-16T18:39:38.519Z] Platform:      win32
[debug] [2025-11-16T18:39:38.519Z] Node Version:  v24.9.0
[debug] [2025-11-16T18:39:38.519Z] Time:          Sun Nov 16 2025 15:39:38 GMT-0300 (Horário Padrão de Brasília)
[debug] [2025-11-16T18:39:38.519Z] ----------------------------------------------------------------------
[debug] 
[debug] [2025-11-16T18:39:38.672Z] > command requires scopes: ["email","openid","https://www.googleapis.com/auth/cloudplatformprojects.readonly","https://www.googleapis.com/auth/firebase","https://www.googleapis.com/auth/cloud-platform"]
[debug] [2025-11-16T18:39:38.672Z] > authorizing via signed-in user (brucmed@gmail.com)
[debug] [2025-11-16T18:39:38.672Z] [iam] checking project salgados-da-bia-31dc0 for permissions ["cloudfunctions.functions.create","cloudfunctions.functions.delete","cloudfunctions.functions.get","cloudfunctions.functions.list","cloudfunctions.functions.update","cloudfunctions.operations.get","firebase.projects.get"]
[debug] [2025-11-16T18:39:38.673Z] Checked if tokens are valid: true, expires at: 1763321130391
[debug] [2025-11-16T18:39:38.673Z] Checked if tokens are valid: true, expires at: 1763321130391
[debug] [2025-11-16T18:39:38.674Z] >>> [apiv2][query] POST https://cloudresourcemanager.googleapis.com/v1/projects/salgados-da-bia-31dc0:testIamPermissions [none]
[debug] [2025-11-16T18:39:38.674Z] >>> [apiv2][(partial)header] POST https://cloudresourcemanager.googleapis.com/v1/projects/salgados-da-bia-31dc0:testIamPermissions x-goog-quota-user=projects/salgados-da-bia-31dc0
[debug] [2025-11-16T18:39:38.674Z] >>> [apiv2][body] POST https://cloudresourcemanager.googleapis.com/v1/projects/salgados-da-bia-31dc0:testIamPermissions {"permissions":["cloudfunctions.functions.create","cloudfunctions.functions.delete","cloudfunctions.functions.get","cloudfunctions.functions.list","cloudfunctions.functions.update","cloudfunctions.operations.get","firebase.projects.get"]}
[debug] [2025-11-16T18:39:39.934Z] <<< [apiv2][status] POST https://cloudresourcemanager.googleapis.com/v1/projects/salgados-da-bia-31dc0:testIamPermissions 200
[debug] [2025-11-16T18:39:39.934Z] <<< [apiv2][body] POST https://cloudresourcemanager.googleapis.com/v1/projects/salgados-da-bia-31dc0:testIamPermissions {"permissions":["cloudfunctions.functions.create","cloudfunctions.functions.delete","cloudfunctions.functions.get","cloudfunctions.functions.list","cloudfunctions.functions.update","cloudfunctions.operations.get","firebase.projects.get"]}
[debug] [2025-11-16T18:39:39.934Z] Checked if tokens are valid: true, expires at: 1763321130391
[debug] [2025-11-16T18:39:39.935Z] Checked if tokens are valid: true, expires at: 1763321130391
[debug] [2025-11-16T18:39:39.935Z] >>> [apiv2][query] POST https://iam.googleapis.com/v1/projects/salgados-da-bia-31dc0/serviceAccounts/salgados-da-bia-31dc0@appspot.gserviceaccount.com:testIamPermissions [none]
[debug] [2025-11-16T18:39:39.935Z] >>> [apiv2][body] POST https://iam.googleapis.com/v1/projects/salgados-da-bia-31dc0/serviceAccounts/salgados-da-bia-31dc0@appspot.gserviceaccount.com:testIamPermissions {"permissions":["iam.serviceAccounts.actAs"]}
[debug] [2025-11-16T18:39:41.045Z] <<< [apiv2][status] POST https://iam.googleapis.com/v1/projects/salgados-da-bia-31dc0/serviceAccounts/salgados-da-bia-31dc0@appspot.gserviceaccount.com:testIamPermissions 200
[debug] [2025-11-16T18:39:41.046Z] <<< [apiv2][body] POST https://iam.googleapis.com/v1/projects/salgados-da-bia-31dc0/serviceAccounts/salgados-da-bia-31dc0@appspot.gserviceaccount.com:testIamPermissions {"permissions":["iam.serviceAccounts.actAs"]}
[info] 
[info] === Deploying to 'salgados-da-bia-31dc0'...
[info] 
[info] i  deploying functions 
[info] Running command: npm --prefix "$RESOURCE_DIR" run lint
[info] +  functions: Finished running predeploy script. 
[debug] [2025-11-16T18:39:46.179Z] Checked if tokens are valid: true, expires at: 1763321130391
[debug] [2025-11-16T18:39:46.179Z] Checked if tokens are valid: true, expires at: 1763321130391
[debug] [2025-11-16T18:39:46.179Z] >>> [apiv2][query] GET https://cloudresourcemanager.googleapis.com/v1/projects/salgados-da-bia-31dc0 [none]
[debug] [2025-11-16T18:39:47.058Z] <<< [apiv2][status] GET https://cloudresourcemanager.googleapis.com/v1/projects/salgados-da-bia-31dc0 200
[debug] [2025-11-16T18:39:47.058Z] <<< [apiv2][body] GET https://cloudresourcemanager.googleapis.com/v1/projects/salgados-da-bia-31dc0 {"projectNumber":"2844533583","projectId":"salgados-da-bia-31dc0","lifecycleState":"ACTIVE","name":"salgados-da-bia","labels":{"firebase":"enabled","firebase-core":"disabled"},"createTime":"2025-09-28T23:04:53.364619Z"}
[info] i  functions: preparing codebase default for deployment 
[info] i  functions: ensuring required API cloudfunctions.googleapis.com is enabled... 
[info] i  functions: ensuring required API cloudbuild.googleapis.com is enabled... 
[info] i  artifactregistry: ensuring required API artifactregistry.googleapis.com is enabled... 
[debug] [2025-11-16T18:39:47.062Z] Checked if tokens are valid: true, expires at: 1763321130391
[debug] [2025-11-16T18:39:47.062Z] Checked if tokens are valid: true, expires at: 1763321130391
[debug] [2025-11-16T18:39:47.062Z] >>> [apiv2][query] GET https://firebase.googleapis.com/v1beta1/projects/salgados-da-bia-31dc0/adminSdkConfig [none]
[debug] [2025-11-16T18:39:48.193Z] <<< [apiv2][status] GET https://firebase.googleapis.com/v1beta1/projects/salgados-da-bia-31dc0/adminSdkConfig 200
[debug] [2025-11-16T18:39:48.193Z] <<< [apiv2][body] GET https://firebase.googleapis.com/v1beta1/projects/salgados-da-bia-31dc0/adminSdkConfig {"projectId":"salgados-da-bia-31dc0","storageBucket":"salgados-da-bia-31dc0.firebasestorage.app"}
[debug] [2025-11-16T18:39:48.195Z] Validating nodejs source
[warn] !  functions: package.json indicates an outdated version of firebase-functions. Please upgrade using npm install --save firebase-functions@latest in your functions directory. 
[warn] !  functions: Please note that there will be breaking changes when you upgrade. 
[debug] [2025-11-16T18:39:49.277Z] > [functions] package.json contents: {
  "name": "functions",
  "description": "Cloud Functions for Firebase",
  "scripts": {
    "lint": "eslint .",
    "serve": "firebase emulators:start --only functions",
    "shell": "firebase functions:shell",
    "start": "npm run shell",
    "deploy": "firebase deploy --only functions",
    "logs": "firebase functions:log"
  },
  "engines": {
    "node": "22"
  },
  "main": "index.js",
  "dependencies": {
    "firebase-admin": "^12.6.0",
    "firebase-functions": "^6.0.1"
  },
  "devDependencies": {
    "eslint": "^8.15.0",
    "eslint-config-google": "^0.14.0",
    "firebase-functions-test": "^3.1.0"
  },
  "private": true
}
[debug] [2025-11-16T18:39:49.277Z] Building nodejs source
[info] i  functions: Loading and analyzing source code for codebase default to determine what to deploy 
[debug] [2025-11-16T18:39:49.278Z] Could not find functions.yaml. Must use http discovery
[debug] [2025-11-16T18:39:49.290Z] Found firebase-functions binary at 'C:\Users\bruno\salgados-da-bia\functions\node_modules\.bin\firebase-functions'
[info] Serving at port 8606

[debug] [2025-11-16T18:39:49.811Z] Got response from /__/functions.yaml {"endpoints":{"sendNotificationOnNewOrder":{"availableMemoryMb":null,"timeoutSeconds":null,"minInstances":null,"maxInstances":null,"ingressSettings":null,"concurrency":null,"serviceAccountEmail":null,"vpc":null,"platform":"gcfv2","labels":{},"eventTrigger":{"eventType":"google.cloud.firestore.document.v1.created","eventFilters":{"database":"(default)","namespace":"(default)"},"eventFilterPathPatterns":{"document":"artifacts/{appId}/public/data/orders/{orderId}"},"retry":false},"entryPoint":"sendNotificationOnNewOrder"},"sendNotificationOnOrderStatusUpdate":{"availableMemoryMb":null,"timeoutSeconds":null,"minInstances":null,"maxInstances":null,"ingressSettings":null,"concurrency":null,"serviceAccountEmail":null,"vpc":null,"platform":"gcfv2","labels":{},"eventTrigger":{"eventType":"google.cloud.firestore.document.v1.updated","eventFilters":{"database":"(default)","namespace":"(default)"},"eventFilterPathPatterns":{"document":"artifacts/{appId}/public/data/orders/{orderId}"},"retry":false},"entryPoint":"sendNotificationOnOrderStatusUpdate"}},"specVersion":"v1alpha1","requiredAPIs":[],"extensions":{}}
[info] i  extensions: ensuring required API firebaseextensions.googleapis.com is enabled... 
[debug] [2025-11-16T18:39:53.851Z] > command requires scopes: ["email","openid","https://www.googleapis.com/auth/cloudplatformprojects.readonly","https://www.googleapis.com/auth/firebase","https://www.googleapis.com/auth/cloud-platform"]
[debug] [2025-11-16T18:39:53.851Z] > authorizing via signed-in user (brucmed@gmail.com)
[debug] [2025-11-16T18:39:53.851Z] [iam] checking project salgados-da-bia-31dc0 for permissions ["firebase.projects.get","firebaseextensions.instances.list"]
[debug] [2025-11-16T18:39:53.851Z] Checked if tokens are valid: true, expires at: 1763321130391
[debug] [2025-11-16T18:39:53.851Z] Checked if tokens are valid: true, expires at: 1763321130391
[debug] [2025-11-16T18:39:53.851Z] >>> [apiv2][query] POST https://cloudresourcemanager.googleapis.com/v1/projects/salgados-da-bia-31dc0:testIamPermissions [none]
[debug] [2025-11-16T18:39:53.851Z] >>> [apiv2][(partial)header] POST https://cloudresourcemanager.googleapis.com/v1/projects/salgados-da-bia-31dc0:testIamPermissions x-goog-quota-user=projects/salgados-da-bia-31dc0
[debug] [2025-11-16T18:39:53.851Z] >>> [apiv2][body] POST https://cloudresourcemanager.googleapis.com/v1/projects/salgados-da-bia-31dc0:testIamPermissions {"permissions":["firebase.projects.get","firebaseextensions.instances.list"]}
[debug] [2025-11-16T18:39:54.772Z] <<< [apiv2][status] POST https://cloudresourcemanager.googleapis.com/v1/projects/salgados-da-bia-31dc0:testIamPermissions 200
[debug] [2025-11-16T18:39:54.772Z] <<< [apiv2][body] POST https://cloudresourcemanager.googleapis.com/v1/projects/salgados-da-bia-31dc0:testIamPermissions {"permissions":["firebase.projects.get","firebaseextensions.instances.list"]}
[debug] [2025-11-16T18:39:54.773Z] Checked if tokens are valid: true, expires at: 1763321130391
[debug] [2025-11-16T18:39:54.773Z] Checked if tokens are valid: true, expires at: 1763321130391
[debug] [2025-11-16T18:39:54.774Z] >>> [apiv2][query] GET https://firebaseextensions.googleapis.com/v1beta/projects/salgados-da-bia-31dc0/instances pageSize=100&pageToken=
[debug] [2025-11-16T18:39:56.413Z] <<< [apiv2][status] GET https://firebaseextensions.googleapis.com/v1beta/projects/salgados-da-bia-31dc0/instances 200
[debug] [2025-11-16T18:39:56.414Z] <<< [apiv2][body] GET https://firebaseextensions.googleapis.com/v1beta/projects/salgados-da-bia-31dc0/instances {}
[info] i  functions: preparing functions directory for uploading... 
[info] i  functions: packaged C:\Users\bruno\salgados-da-bia\functions (78.69 KB) for uploading 
[debug] [2025-11-16T18:39:56.449Z] Checked if tokens are valid: true, expires at: 1763321130391
[debug] [2025-11-16T18:39:56.449Z] Checked if tokens are valid: true, expires at: 1763321130391
[debug] [2025-11-16T18:39:56.449Z] >>> [apiv2][query] GET https://cloudfunctions.googleapis.com/v1/projects/salgados-da-bia-31dc0/locations/-/functions [none]
[debug] [2025-11-16T18:39:58.156Z] <<< [apiv2][status] GET https://cloudfunctions.googleapis.com/v1/projects/salgados-da-bia-31dc0/locations/-/functions 200
[debug] [2025-11-16T18:39:58.156Z] <<< [apiv2][body] GET https://cloudfunctions.googleapis.com/v1/projects/salgados-da-bia-31dc0/locations/-/functions {}
[debug] [2025-11-16T18:39:58.157Z] Checked if tokens are valid: true, expires at: 1763321130391
[debug] [2025-11-16T18:39:58.157Z] Checked if tokens are valid: true, expires at: 1763321130391
[debug] [2025-11-16T18:39:58.157Z] >>> [apiv2][query] GET https://cloudfunctions.googleapis.com/v2/projects/salgados-da-bia-31dc0/locations/-/functions filter=environment%3D%22GEN_2%22
[debug] [2025-11-16T18:39:59.378Z] <<< [apiv2][status] GET https://cloudfunctions.googleapis.com/v2/projects/salgados-da-bia-31dc0/locations/-/functions 200
[debug] [2025-11-16T18:39:59.378Z] <<< [apiv2][body] GET https://cloudfunctions.googleapis.com/v2/projects/salgados-da-bia-31dc0/locations/-/functions {}
[debug] [2025-11-16T18:39:59.379Z] Checked if tokens are valid: true, expires at: 1763321130391
[debug] [2025-11-16T18:39:59.379Z] Checked if tokens are valid: true, expires at: 1763321130391
[debug] [2025-11-16T18:39:59.379Z] >>> [apiv2][query] GET https://firestore.googleapis.com/v1/projects/salgados-da-bia-31dc0/databases/(default) [none]
[debug] [2025-11-16T18:40:01.125Z] <<< [apiv2][status] GET https://firestore.googleapis.com/v1/projects/salgados-da-bia-31dc0/databases/(default) 200
[debug] [2025-11-16T18:40:01.125Z] <<< [apiv2][body] GET https://firestore.googleapis.com/v1/projects/salgados-da-bia-31dc0/databases/(default) {"name":"projects/salgados-da-bia-31dc0/databases/(default)","uid":"35d620fc-b47a-4cda-9a7a-b3f665ca4e25","createTime":"2025-09-28T23:09:49.352852Z","updateTime":"2025-09-28T23:09:49.352852Z","locationId":"eur3","type":"FIRESTORE_NATIVE","concurrencyMode":"PESSIMISTIC","versionRetentionPeriod":"3600s","earliestVersionTime":"2025-11-16T17:39:58.218192Z","appEngineIntegrationMode":"DISABLED","keyPrefix":"e","pointInTimeRecoveryEnablement":"POINT_IN_TIME_RECOVERY_DISABLED","deleteProtectionState":"DELETE_PROTECTION_DISABLED","databaseEdition":"STANDARD","freeTier":true,"realtimeUpdatesMode":"REALTIME_UPDATES_MODE_ENABLED","etag":"IJHYgfao95ADMIDa2vPN/I8D"}
[info] i  functions: ensuring required API run.googleapis.com is enabled... 
[info] i  functions: ensuring required API eventarc.googleapis.com is enabled... 
[info] i  functions: ensuring required API pubsub.googleapis.com is enabled... 
[info] i  functions: ensuring required API storage.googleapis.com is enabled... 
[info] i  functions: generating the service identity for pubsub.googleapis.com... 
[debug] [2025-11-16T18:40:01.133Z] Checked if tokens are valid: true, expires at: 1763321130391
[debug] [2025-11-16T18:40:01.133Z] Checked if tokens are valid: true, expires at: 1763321130391
[info] i  functions: generating the service identity for eventarc.googleapis.com... 
[debug] [2025-11-16T18:40:01.134Z] Checked if tokens are valid: true, expires at: 1763321130391
[debug] [2025-11-16T18:40:01.134Z] Checked if tokens are valid: true, expires at: 1763321130391
[debug] [2025-11-16T18:40:01.134Z] >>> [apiv2][query] POST https://serviceusage.googleapis.com/v1beta1/projects/2844533583/services/pubsub.googleapis.com:generateServiceIdentity [none]
[debug] [2025-11-16T18:40:01.134Z] >>> [apiv2][(partial)header] POST https://serviceusage.googleapis.com/v1beta1/projects/2844533583/services/pubsub.googleapis.com:generateServiceIdentity x-goog-quota-user=projects/2844533583
[debug] [2025-11-16T18:40:01.134Z] >>> [apiv2][body] POST https://serviceusage.googleapis.com/v1beta1/projects/2844533583/services/pubsub.googleapis.com:generateServiceIdentity {}
[debug] [2025-11-16T18:40:01.135Z] >>> [apiv2][query] POST https://serviceusage.googleapis.com/v1beta1/projects/2844533583/services/eventarc.googleapis.com:generateServiceIdentity [none]
[debug] [2025-11-16T18:40:01.135Z] >>> [apiv2][(partial)header] POST https://serviceusage.googleapis.com/v1beta1/projects/2844533583/services/eventarc.googleapis.com:generateServiceIdentity x-goog-quota-user=projects/2844533583
[debug] [2025-11-16T18:40:01.135Z] >>> [apiv2][body] POST https://serviceusage.googleapis.com/v1beta1/projects/2844533583/services/eventarc.googleapis.com:generateServiceIdentity {}
[debug] [2025-11-16T18:40:02.531Z] <<< [apiv2][status] POST https://serviceusage.googleapis.com/v1beta1/projects/2844533583/services/eventarc.googleapis.com:generateServiceIdentity 200
[debug] [2025-11-16T18:40:02.531Z] <<< [apiv2][body] POST https://serviceusage.googleapis.com/v1beta1/projects/2844533583/services/eventarc.googleapis.com:generateServiceIdentity {"name":"operations/finished.DONE_OPERATION","done":true,"response":{"@type":"type.googleapis.com/google.api.serviceusage.v1beta1.ServiceIdentity","email":"service-2844533583@gcp-sa-eventarc.iam.gserviceaccount.com","uniqueId":"106448615456957858110"}}
[debug] [2025-11-16T18:40:02.601Z] <<< [apiv2][status] POST https://serviceusage.googleapis.com/v1beta1/projects/2844533583/services/pubsub.googleapis.com:generateServiceIdentity 200
[debug] [2025-11-16T18:40:02.601Z] <<< [apiv2][body] POST https://serviceusage.googleapis.com/v1beta1/projects/2844533583/services/pubsub.googleapis.com:generateServiceIdentity {"name":"operations/finished.DONE_OPERATION","done":true,"response":{"@type":"type.googleapis.com/google.api.serviceusage.v1beta1.ServiceIdentity","email":"service-2844533583@gcp-sa-pubsub.iam.gserviceaccount.com","uniqueId":"112318578182122538748"}}
[debug] [2025-11-16T18:40:02.604Z] Checked if tokens are valid: true, expires at: 1763321130391
[debug] [2025-11-16T18:40:02.604Z] Checked if tokens are valid: true, expires at: 1763321130391
[debug] [2025-11-16T18:40:02.604Z] >>> [apiv2][query] GET https://compute.googleapis.com/compute/v1/projects/2844533583 [none]
[debug] [2025-11-16T18:40:03.511Z] <<< [apiv2][status] GET https://compute.googleapis.com/compute/v1/projects/2844533583 403
[debug] [2025-11-16T18:40:03.511Z] <<< [apiv2][body] GET https://compute.googleapis.com/compute/v1/projects/2844533583 {"error":{"code":403,"message":"Compute Engine API has not been used in project 2844533583 before or it is disabled. Enable it by visiting https://console.developers.google.com/apis/api/compute.googleapis.com/overview?project=2844533583 then retry. If you enabled this API recently, wait a few minutes for the action to propagate to our systems and retry.","errors":[{"message":"Compute Engine API has not been used in project 2844533583 before or it is disabled. Enable it by visiting https://console.developers.google.com/apis/api/compute.googleapis.com/overview?project=2844533583 then retry. If you enabled this API recently, wait a few minutes for the action to propagate to our systems and retry.","domain":"usageLimits","reason":"accessNotConfigured","extendedHelp":"https://console.developers.google.com"}],"status":"PERMISSION_DENIED","details":[{"@type":"type.googleapis.com/google.rpc.ErrorInfo","reason":"SERVICE_DISABLED","domain":"googleapis.com","metadata":{"containerInfo":"2844533583","service":"compute.googleapis.com","serviceTitle":"Compute Engine API","consumer":"projects/2844533583","activationUrl":"https://console.developers.google.com/apis/api/compute.googleapis.com/overview?project=2844533583"}},{"@type":"type.googleapis.com/google.rpc.LocalizedMessage","locale":"en-US","message":"Compute Engine API has not been used in project 2844533583 before or it is disabled. Enable it by visiting https://console.developers.google.com/apis/api/compute.googleapis.com/overview?project=2844533583 then retry. If you enabled this API recently, wait a few minutes for the action to propagate to our systems and retry."},{"@type":"type.googleapis.com/google.rpc.Help","links":[{"description":"Google developers console API activation","url":"https://console.developers.google.com/apis/api/compute.googleapis.com/overview?project=2844533583"}]}]}}
[debug] [2025-11-16T18:40:03.512Z] unable to look up default compute service account. Falling back to 2844533583-compute@developer.gserviceaccount.com. Error: {"name":"FirebaseError","children":[],"context":{"body":{"error":{"code":403,"message":"Compute Engine API has not been used in project 2844533583 before or it is disabled. Enable it by visiting https://console.developers.google.com/apis/api/compute.googleapis.com/overview?project=2844533583 then retry. If you enabled this API recently, wait a few minutes for the action to propagate to our systems and retry.","errors":[{"message":"Compute Engine API has not been used in project 2844533583 before or it is disabled. Enable it by visiting https://console.developers.google.com/apis/api/compute.googleapis.com/overview?project=2844533583 then retry. If you enabled this API recently, wait a few minutes for the action to propagate to our systems and retry.","domain":"usageLimits","reason":"accessNotConfigured","extendedHelp":"https://console.developers.google.com"}],"status":"PERMISSION_DENIED","details":[{"@type":"type.googleapis.com/google.rpc.ErrorInfo","reason":"SERVICE_DISABLED","domain":"googleapis.com","metadata":{"containerInfo":"2844533583","service":"compute.googleapis.com","serviceTitle":"Compute Engine API","consumer":"projects/2844533583","activationUrl":"https://console.developers.google.com/apis/api/compute.googleapis.com/overview?project=2844533583"}},{"@type":"type.googleapis.com/google.rpc.LocalizedMessage","locale":"en-US","message":"Compute Engine API has not been used in project 2844533583 before or it is disabled. Enable it by visiting https://console.developers.google.com/apis/api/compute.googleapis.com/overview?project=2844533583 then retry. If you enabled this API recently, wait a few minutes for the action to propagate to our systems and retry."},{"@type":"type.googleapis.com/google.rpc.Help","links":[{"description":"Google developers console API activation","url":"https://console.developers.google.com/apis/api/compute.googleapis.com/overview?project=2844533583"}]}]}},"response":{"statusCode":403}},"exit":1,"message":"Request to https://compute.googleapis.com/compute/v1/projects/2844533583 had HTTP Error: 403, Compute Engine API has not been used in project 2844533583 before or it is disabled. Enable it by visiting https://console.developers.google.com/apis/api/compute.googleapis.com/overview?project=2844533583 then retry. If you enabled this API recently, wait a few minutes for the action to propagate to our systems and retry.","status":403}
[debug] [2025-11-16T18:40:03.513Z] Checked if tokens are valid: true, expires at: 1763321130391
[debug] [2025-11-16T18:40:03.513Z] Checked if tokens are valid: true, expires at: 1763321130391
[debug] [2025-11-16T18:40:03.513Z] >>> [apiv2][query] POST https://cloudresourcemanager.googleapis.com/v1/projects/2844533583:getIamPolicy [none]
[debug] [2025-11-16T18:40:04.488Z] <<< [apiv2][status] POST https://cloudresourcemanager.googleapis.com/v1/projects/2844533583:getIamPolicy 200
[debug] [2025-11-16T18:40:04.489Z] <<< [apiv2][body] POST https://cloudresourcemanager.googleapis.com/v1/projects/2844533583:getIamPolicy {"version":1,"etag":"BwZDuowSToQ=","bindings":[{"role":"roles/cloudbuild.builds.builder","members":["serviceAccount:2844533583@cloudbuild.gserviceaccount.com"]},{"role":"roles/cloudbuild.serviceAgent","members":["serviceAccount:service-2844533583@gcp-sa-cloudbuild.iam.gserviceaccount.com"]},{"role":"roles/cloudfunctions.serviceAgent","members":["serviceAccount:service-2844533583@gcf-admin-robot.iam.gserviceaccount.com"]},{"role":"roles/containerregistry.ServiceAgent","members":["serviceAccount:service-2844533583@containerregistry.iam.gserviceaccount.com"]},{"role":"roles/editor","members":["serviceAccount:2844533583-compute@developer.gserviceaccount.com","serviceAccount:2844533583@cloudservices.gserviceaccount.com","serviceAccount:salgados-da-bia-31dc0@appspot.gserviceaccount.com"]},{"role":"roles/eventarc.eventReceiver","members":["serviceAccount:2844533583-compute@developer.gserviceaccount.com"]},{"role":"roles/firebase.managementServiceAgent","members":["serviceAccount:service-2844533583@gcp-sa-firebase.iam.gserviceaccount.com"]},{"role":"roles/firebase.sdkAdminServiceAgent","members":["serviceAccount:firebase-adminsdk-fbsvc@salgados-da-bia-31dc0.iam.gserviceaccount.com"]},{"role":"roles/firebaseauth.admin","members":["serviceAccount:firebase-adminsdk-fbsvc@salgados-da-bia-31dc0.iam.gserviceaccount.com"]},{"role":"roles/firebasemods.serviceAgent","members":["serviceAccount:service-2844533583@gcp-sa-firebasemods.iam.gserviceaccount.com"]},{"role":"roles/firebaserules.system","members":["serviceAccount:service-2844533583@firebase-rules.iam.gserviceaccount.com"]},{"role":"roles/firestore.serviceAgent","members":["serviceAccount:service-2844533583@gcp-sa-firestore.iam.gserviceaccount.com"]},{"role":"roles/iam.serviceAccountTokenCreator","members":["serviceAccount:firebase-adminsdk-fbsvc@salgados-da-bia-31dc0.iam.gserviceaccount.com","serviceAccount:service-2844533583@gcp-sa-pubsub.iam.gserviceaccount.com"]},{"role":"roles/owner","members":["user:brucmed@gmail.com"]},{"role":"roles/run.invoker","members":["serviceAccount:2844533583-compute@developer.gserviceaccount.com"]},{"role":"roles/run.serviceAgent","members":["serviceAccount:service-2844533583@serverless-robot-prod.iam.gserviceaccount.com"]}]}
[debug] [2025-11-16T18:40:04.491Z] Checked if tokens are valid: true, expires at: 1763321130391
[debug] [2025-11-16T18:40:04.491Z] Checked if tokens are valid: true, expires at: 1763321130391
[debug] [2025-11-16T18:40:04.491Z] >>> [apiv2][query] GET https://cloudresourcemanager.googleapis.com/v1/projects/salgados-da-bia-31dc0 [none]
[debug] [2025-11-16T18:40:04.706Z] <<< [apiv2][status] GET https://cloudresourcemanager.googleapis.com/v1/projects/salgados-da-bia-31dc0 200
[debug] [2025-11-16T18:40:04.706Z] <<< [apiv2][body] GET https://cloudresourcemanager.googleapis.com/v1/projects/salgados-da-bia-31dc0 {"projectNumber":"2844533583","projectId":"salgados-da-bia-31dc0","lifecycleState":"ACTIVE","name":"salgados-da-bia","labels":{"firebase":"enabled","firebase-core":"disabled"},"createTime":"2025-09-28T23:04:53.364619Z"}
[debug] [2025-11-16T18:40:04.706Z] Checked if tokens are valid: true, expires at: 1763321130391
[debug] [2025-11-16T18:40:04.706Z] Checked if tokens are valid: true, expires at: 1763321130391
[debug] [2025-11-16T18:40:04.706Z] >>> [apiv2][query] GET https://compute.googleapis.com/compute/v1/projects/2844533583 [none]
[debug] [2025-11-16T18:40:05.011Z] <<< [apiv2][status] GET https://compute.googleapis.com/compute/v1/projects/2844533583 403
[debug] [2025-11-16T18:40:05.011Z] <<< [apiv2][body] GET https://compute.googleapis.com/compute/v1/projects/2844533583 {"error":{"code":403,"message":"Compute Engine API has not been used in project 2844533583 before or it is disabled. Enable it by visiting https://console.developers.google.com/apis/api/compute.googleapis.com/overview?project=2844533583 then retry. If you enabled this API recently, wait a few minutes for the action to propagate to our systems and retry.","errors":[{"message":"Compute Engine API has not been used in project 2844533583 before or it is disabled. Enable it by visiting https://console.developers.google.com/apis/api/compute.googleapis.com/overview?project=2844533583 then retry. If you enabled this API recently, wait a few minutes for the action to propagate to our systems and retry.","domain":"usageLimits","reason":"accessNotConfigured","extendedHelp":"https://console.developers.google.com"}],"status":"PERMISSION_DENIED","details":[{"@type":"type.googleapis.com/google.rpc.ErrorInfo","reason":"SERVICE_DISABLED","domain":"googleapis.com","metadata":{"consumer":"projects/2844533583","service":"compute.googleapis.com","activationUrl":"https://console.developers.google.com/apis/api/compute.googleapis.com/overview?project=2844533583","containerInfo":"2844533583","serviceTitle":"Compute Engine API"}},{"@type":"type.googleapis.com/google.rpc.LocalizedMessage","locale":"en-US","message":"Compute Engine API has not been used in project 2844533583 before or it is disabled. Enable it by visiting https://console.developers.google.com/apis/api/compute.googleapis.com/overview?project=2844533583 then retry. If you enabled this API recently, wait a few minutes for the action to propagate to our systems and retry."},{"@type":"type.googleapis.com/google.rpc.Help","links":[{"description":"Google developers console API activation","url":"https://console.developers.google.com/apis/api/compute.googleapis.com/overview?project=2844533583"}]}]}}
[debug] [2025-11-16T18:40:05.012Z] unable to look up default compute service account. Falling back to 2844533583-compute@developer.gserviceaccount.com. Error: {"name":"FirebaseError","children":[],"context":{"body":{"error":{"code":403,"message":"Compute Engine API has not been used in project 2844533583 before or it is disabled. Enable it by visiting https://console.developers.google.com/apis/api/compute.googleapis.com/overview?project=2844533583 then retry. If you enabled this API recently, wait a few minutes for the action to propagate to our systems and retry.","errors":[{"message":"Compute Engine API has not been used in project 2844533583 before or it is disabled. Enable it by visiting https://console.developers.google.com/apis/api/compute.googleapis.com/overview?project=2844533583 then retry. If you enabled this API recently, wait a few minutes for the action to propagate to our systems and retry.","domain":"usageLimits","reason":"accessNotConfigured","extendedHelp":"https://console.developers.google.com"}],"status":"PERMISSION_DENIED","details":[{"@type":"type.googleapis.com/google.rpc.ErrorInfo","reason":"SERVICE_DISABLED","domain":"googleapis.com","metadata":{"consumer":"projects/2844533583","service":"compute.googleapis.com","activationUrl":"https://console.developers.google.com/apis/api/compute.googleapis.com/overview?project=2844533583","containerInfo":"2844533583","serviceTitle":"Compute Engine API"}},{"@type":"type.googleapis.com/google.rpc.LocalizedMessage","locale":"en-US","message":"Compute Engine API has not been used in project 2844533583 before or it is disabled. Enable it by visiting https://console.developers.google.com/apis/api/compute.googleapis.com/overview?project=2844533583 then retry. If you enabled this API recently, wait a few minutes for the action to propagate to our systems and retry."},{"@type":"type.googleapis.com/google.rpc.Help","links":[{"description":"Google developers console API activation","url":"https://console.developers.google.com/apis/api/compute.googleapis.com/overview?project=2844533583"}]}]}},"response":{"statusCode":403}},"exit":1,"message":"Request to https://compute.googleapis.com/compute/v1/projects/2844533583 had HTTP Error: 403, Compute Engine API has not been used in project 2844533583 before or it is disabled. Enable it by visiting https://console.developers.google.com/apis/api/compute.googleapis.com/overview?project=2844533583 then retry. If you enabled this API recently, wait a few minutes for the action to propagate to our systems and retry.","status":403}
[debug] [2025-11-16T18:40:05.012Z] Checked if tokens are valid: true, expires at: 1763321130391
[debug] [2025-11-16T18:40:05.012Z] Checked if tokens are valid: true, expires at: 1763321130391
[debug] [2025-11-16T18:40:05.012Z] >>> [apiv2][query] GET https://compute.googleapis.com/compute/v1/projects/2844533583 [none]
[debug] [2025-11-16T18:40:05.254Z] <<< [apiv2][status] GET https://compute.googleapis.com/compute/v1/projects/2844533583 403
[debug] [2025-11-16T18:40:05.254Z] <<< [apiv2][body] GET https://compute.googleapis.com/compute/v1/projects/2844533583 {"error":{"code":403,"message":"Compute Engine API has not been used in project 2844533583 before or it is disabled. Enable it by visiting https://console.developers.google.com/apis/api/compute.googleapis.com/overview?project=2844533583 then retry. If you enabled this API recently, wait a few minutes for the action to propagate to our systems and retry.","errors":[{"message":"Compute Engine API has not been used in project 2844533583 before or it is disabled. Enable it by visiting https://console.developers.google.com/apis/api/compute.googleapis.com/overview?project=2844533583 then retry. If you enabled this API recently, wait a few minutes for the action to propagate to our systems and retry.","domain":"usageLimits","reason":"accessNotConfigured","extendedHelp":"https://console.developers.google.com"}],"status":"PERMISSION_DENIED","details":[{"@type":"type.googleapis.com/google.rpc.ErrorInfo","reason":"SERVICE_DISABLED","domain":"googleapis.com","metadata":{"activationUrl":"https://console.developers.google.com/apis/api/compute.googleapis.com/overview?project=2844533583","containerInfo":"2844533583","consumer":"projects/2844533583","service":"compute.googleapis.com","serviceTitle":"Compute Engine API"}},{"@type":"type.googleapis.com/google.rpc.LocalizedMessage","locale":"en-US","message":"Compute Engine API has not been used in project 2844533583 before or it is disabled. Enable it by visiting https://console.developers.google.com/apis/api/compute.googleapis.com/overview?project=2844533583 then retry. If you enabled this API recently, wait a few minutes for the action to propagate to our systems and retry."},{"@type":"type.googleapis.com/google.rpc.Help","links":[{"description":"Google developers console API activation","url":"https://console.developers.google.com/apis/api/compute.googleapis.com/overview?project=2844533583"}]}]}}
[debug] [2025-11-16T18:40:05.254Z] unable to look up default compute service account. Falling back to 2844533583-compute@developer.gserviceaccount.com. Error: {"name":"FirebaseError","children":[],"context":{"body":{"error":{"code":403,"message":"Compute Engine API has not been used in project 2844533583 before or it is disabled. Enable it by visiting https://console.developers.google.com/apis/api/compute.googleapis.com/overview?project=2844533583 then retry. If you enabled this API recently, wait a few minutes for the action to propagate to our systems and retry.","errors":[{"message":"Compute Engine API has not been used in project 2844533583 before or it is disabled. Enable it by visiting https://console.developers.google.com/apis/api/compute.googleapis.com/overview?project=2844533583 then retry. If you enabled this API recently, wait a few minutes for the action to propagate to our systems and retry.","domain":"usageLimits","reason":"accessNotConfigured","extendedHelp":"https://console.developers.google.com"}],"status":"PERMISSION_DENIED","details":[{"@type":"type.googleapis.com/google.rpc.ErrorInfo","reason":"SERVICE_DISABLED","domain":"googleapis.com","metadata":{"activationUrl":"https://console.developers.google.com/apis/api/compute.googleapis.com/overview?project=2844533583","containerInfo":"2844533583","consumer":"projects/2844533583","service":"compute.googleapis.com","serviceTitle":"Compute Engine API"}},{"@type":"type.googleapis.com/google.rpc.LocalizedMessage","locale":"en-US","message":"Compute Engine API has not been used in project 2844533583 before or it is disabled. Enable it by visiting https://console.developers.google.com/apis/api/compute.googleapis.com/overview?project=2844533583 then retry. If you enabled this API recently, wait a few minutes for the action to propagate to our systems and retry."},{"@type":"type.googleapis.com/google.rpc.Help","links":[{"description":"Google developers console API activation","url":"https://console.developers.google.com/apis/api/compute.googleapis.com/overview?project=2844533583"}]}]}},"response":{"statusCode":403}},"exit":1,"message":"Request to https://compute.googleapis.com/compute/v1/projects/2844533583 had HTTP Error: 403, Compute Engine API has not been used in project 2844533583 before or it is disabled. Enable it by visiting https://console.developers.google.com/apis/api/compute.googleapis.com/overview?project=2844533583 then retry. If you enabled this API recently, wait a few minutes for the action to propagate to our systems and retry.","status":403}
[debug] [2025-11-16T18:40:05.256Z] Checked if tokens are valid: true, expires at: 1763321130391
[debug] [2025-11-16T18:40:05.256Z] Checked if tokens are valid: true, expires at: 1763321130391
[debug] [2025-11-16T18:40:05.256Z] >>> [apiv2][query] GET https://cloudbilling.googleapis.com/v1/projects/salgados-da-bia-31dc0/billingInfo [none]
[debug] [2025-11-16T18:40:06.608Z] <<< [apiv2][status] GET https://cloudbilling.googleapis.com/v1/projects/salgados-da-bia-31dc0/billingInfo 200
[debug] [2025-11-16T18:40:06.608Z] <<< [apiv2][body] GET https://cloudbilling.googleapis.com/v1/projects/salgados-da-bia-31dc0/billingInfo {"name":"projects/salgados-da-bia-31dc0/billingInfo","projectId":"salgados-da-bia-31dc0","billingAccountName":"billingAccounts/01B1F9-715416-920D1D","billingEnabled":true}
[debug] [2025-11-16T18:40:06.610Z] Checked if tokens are valid: true, expires at: 1763321130391
[debug] [2025-11-16T18:40:06.610Z] Checked if tokens are valid: true, expires at: 1763321130391
[debug] [2025-11-16T18:40:06.610Z] >>> [apiv2][query] POST https://cloudfunctions.googleapis.com/v2/projects/salgados-da-bia-31dc0/locations/us-central1/functions:generateUploadUrl [none]
[debug] [2025-11-16T18:40:09.106Z] <<< [apiv2][status] POST https://cloudfunctions.googleapis.com/v2/projects/salgados-da-bia-31dc0/locations/us-central1/functions:generateUploadUrl 200
[debug] [2025-11-16T18:40:09.106Z] <<< [apiv2][body] POST https://cloudfunctions.googleapis.com/v2/projects/salgados-da-bia-31dc0/locations/us-central1/functions:generateUploadUrl {"uploadUrl":"https://storage.googleapis.com/gcf-v2-uploads-2844533583.us-central1.cloudfunctions.appspot.com/84bd9ff7-fdae-44fa-bdeb-50e8113bb05b.zip?GoogleAccessId=service-2844533583@gcf-admin-robot.iam.gserviceaccount.com&Expires=1763320206&Signature=mM2EXm8A%2FbWm89By1TEl%2BXVbkmWixpypkilZ74V%2BMNc9aAfoeXlqjCaMEUM5Q8bSH38QFns6LAKqR0PTqnup0GYX%2Ff9J2CKdYj6xg7Zt%2F5PWOt61NgPMoKrEAK7kwRT%2FCOGrH6ZbociM0%2BysRM4AqL%2BnbWbebdBphsgiltF5lxuuVpi%2BdMWuc8WgOAVqLocYXBv2QYZlxZh27qxgM8UccjjEYIHqSx%2Bj6EFERjMCGMfqh%2FQUwuz5Fhluk8F9iDgd7Uv9i0eFc18dvqPjJBL4rCFmuZ3nx6wcwmWkE97kjIA2flCCAoJLSfgOGQ3H1R9HdgCzCoxzCyZgnGJ1ZfL2Pg%3D%3D","storageSource":{"bucket":"gcf-v2-uploads-2844533583.us-central1.cloudfunctions.appspot.com","object":"84bd9ff7-fdae-44fa-bdeb-50e8113bb05b.zip"}}
[debug] [2025-11-16T18:40:09.107Z] >>> [apiv2][query] PUT https://storage.googleapis.com/gcf-v2-uploads-2844533583.us-central1.cloudfunctions.appspot.com/84bd9ff7-fdae-44fa-bdeb-50e8113bb05b.zip GoogleAccessId=service-2844533583%40gcf-admin-robot.iam.gserviceaccount.com&Expires=1763320206&Signature=mM2EXm8A%2FbWm89By1TEl%2BXVbkmWixpypkilZ74V%2BMNc9aAfoeXlqjCaMEUM5Q8bSH38QFns6LAKqR0PTqnup0GYX%2Ff9J2CKdYj6xg7Zt%2F5PWOt61NgPMoKrEAK7kwRT%2FCOGrH6ZbociM0%2BysRM4AqL%2BnbWbebdBphsgiltF5lxuuVpi%2BdMWuc8WgOAVqLocYXBv2QYZlxZh27qxgM8UccjjEYIHqSx%2Bj6EFERjMCGMfqh%2FQUwuz5Fhluk8F9iDgd7Uv9i0eFc18dvqPjJBL4rCFmuZ3nx6wcwmWkE97kjIA2flCCAoJLSfgOGQ3H1R9HdgCzCoxzCyZgnGJ1ZfL2Pg%3D%3D
[debug] [2025-11-16T18:40:09.107Z] >>> [apiv2][body] PUT https://storage.googleapis.com/gcf-v2-uploads-2844533583.us-central1.cloudfunctions.appspot.com/84bd9ff7-fdae-44fa-bdeb-50e8113bb05b.zip [stream]
[debug] [2025-11-16T18:40:10.510Z] <<< [apiv2][status] PUT https://storage.googleapis.com/gcf-v2-uploads-2844533583.us-central1.cloudfunctions.appspot.com/84bd9ff7-fdae-44fa-bdeb-50e8113bb05b.zip 200
[debug] [2025-11-16T18:40:10.510Z] <<< [apiv2][body] PUT https://storage.googleapis.com/gcf-v2-uploads-2844533583.us-central1.cloudfunctions.appspot.com/84bd9ff7-fdae-44fa-bdeb-50e8113bb05b.zip [omitted]
[info] +  functions: functions source uploaded successfully 
[info] i  functions: creating Node.js 22 (2nd Gen) function sendNotificationOnNewOrder(us-central1)... 
[info] i  functions: creating Node.js 22 (2nd Gen) function sendNotificationOnOrderStatusUpdate(us-central1)... 
[debug] [2025-11-16T18:40:10.518Z] Checked if tokens are valid: true, expires at: 1763321130391
[debug] [2025-11-16T18:40:10.518Z] Checked if tokens are valid: true, expires at: 1763321130391
[debug] [2025-11-16T18:40:10.518Z] >>> [apiv2][query] POST https://cloudfunctions.googleapis.com/v2/projects/salgados-da-bia-31dc0/locations/us-central1/functions functionId=sendNotificationOnNewOrder
[debug] [2025-11-16T18:40:10.519Z] >>> [apiv2][body] POST https://cloudfunctions.googleapis.com/v2/projects/salgados-da-bia-31dc0/locations/us-central1/functions {"name":"projects/salgados-da-bia-31dc0/locations/us-central1/functions/sendNotificationOnNewOrder","buildConfig":{"runtime":"nodejs22","entryPoint":"sendNotificationOnNewOrder","source":{"storageSource":{"bucket":"gcf-v2-uploads-2844533583.us-central1.cloudfunctions.appspot.com","object":"84bd9ff7-fdae-44fa-bdeb-50e8113bb05b.zip"}},"environmentVariables":{"GOOGLE_NODE_RUN_SCRIPTS":""}},"serviceConfig":{"environmentVariables":{"FIREBASE_CONFIG":"{\"projectId\":\"salgados-da-bia-31dc0\",\"storageBucket\":\"salgados-da-bia-31dc0.firebasestorage.app\"}","GCLOUD_PROJECT":"salgados-da-bia-31dc0","EVENTARC_CLOUD_EVENT_SOURCE":"projects/salgados-da-bia-31dc0/locations/us-central1/services/sendNotificationOnNewOrder","FUNCTION_SIGNATURE_TYPE":"cloudevent","FUNCTION_TARGET":"sendNotificationOnNewOrder","LOG_EXECUTION_ID":"true"},"ingressSettings":null,"timeoutSeconds":null,"serviceAccountEmail":null,"availableMemory":"256Mi","minInstanceCount":null,"maxInstanceCount":null,"maxInstanceRequestConcurrency":80,"availableCpu":"1","vpcConnector":null,"vpcConnectorEgressSettings":null},"labels":{"deployment-tool":"cli-firebase","firebase-functions-hash":"e52475e85c6737b75d0936dc73e974bac49ca05e"},"eventTrigger":{"eventType":"google.cloud.firestore.document.v1.created","retryPolicy":"RETRY_POLICY_DO_NOT_RETRY","eventFilters":[{"attribute":"database","value":"(default)"},{"attribute":"namespace","value":"(default)"},{"attribute":"document","value":"artifacts/{appId}/public/data/orders/{orderId}","operator":"match-path-pattern"}],"triggerRegion":"eur3"}}
[debug] [2025-11-16T18:40:28.571Z] <<< [apiv2][status] POST https://cloudfunctions.googleapis.com/v2/projects/salgados-da-bia-31dc0/locations/us-central1/functions 400
[debug] [2025-11-16T18:40:28.571Z] <<< [apiv2][body] POST https://cloudfunctions.googleapis.com/v2/projects/salgados-da-bia-31dc0/locations/us-central1/functions {"error":{"code":400,"message":"Validation failed for trigger projects/salgados-da-bia-31dc0/locations/eur3/triggers/sendnotificationonneworder-896884: Invalid resource state for \"\": Permission denied while using the Eventarc Service Agent. If you recently started to use Eventarc, it may take a few minutes before all necessary permissions are propagated to the Service Agent. Otherwise, verify that it has Eventarc Service Agent role.","status":"FAILED_PRECONDITION"}}
[warn] !  functions: Request to https://cloudfunctions.googleapis.com/v2/projects/salgados-da-bia-31dc0/locations/us-central1/functions?functionId=sendNotificationOnNewOrder had HTTP Error: 400, Validation failed for trigger projects/salgados-da-bia-31dc0/locations/eur3/triggers/sendnotificationonneworder-896884: Invalid resource state for "": Permission denied while using the Eventarc Service Agent. If you recently started to use Eventarc, it may take a few minutes before all necessary permissions are propagated to the Service Agent. Otherwise, verify that it has Eventarc Service Agent role. 
[warn] !  functions: Since this is your first time using 2nd gen functions, we need a little bit longer to finish setting everything up. Retry the deployment in a few minutes. 
[warn] !  functions:  failed to create function projects/salgados-da-bia-31dc0/locations/us-central1/functions/sendNotificationOnNewOrder 
[error] Failed to create function projects/salgados-da-bia-31dc0/locations/us-central1/functions/sendNotificationOnNewOrder
[debug] [2025-11-16T18:40:28.575Z] Checked if tokens are valid: true, expires at: 1763321130391
[debug] [2025-11-16T18:40:28.575Z] Checked if tokens are valid: true, expires at: 1763321130391
[debug] [2025-11-16T18:40:28.576Z] >>> [apiv2][query] POST https://cloudfunctions.googleapis.com/v2/projects/salgados-da-bia-31dc0/locations/us-central1/functions functionId=sendNotificationOnOrderStatusUpdate
[debug] [2025-11-16T18:40:28.576Z] >>> [apiv2][body] POST https://cloudfunctions.googleapis.com/v2/projects/salgados-da-bia-31dc0/locations/us-central1/functions {"name":"projects/salgados-da-bia-31dc0/locations/us-central1/functions/sendNotificationOnOrderStatusUpdate","buildConfig":{"runtime":"nodejs22","entryPoint":"sendNotificationOnOrderStatusUpdate","source":{"storageSource":{"bucket":"gcf-v2-uploads-2844533583.us-central1.cloudfunctions.appspot.com","object":"84bd9ff7-fdae-44fa-bdeb-50e8113bb05b.zip"}},"environmentVariables":{"GOOGLE_NODE_RUN_SCRIPTS":""}},"serviceConfig":{"environmentVariables":{"FIREBASE_CONFIG":"{\"projectId\":\"salgados-da-bia-31dc0\",\"storageBucket\":\"salgados-da-bia-31dc0.firebasestorage.app\"}","GCLOUD_PROJECT":"salgados-da-bia-31dc0","EVENTARC_CLOUD_EVENT_SOURCE":"projects/salgados-da-bia-31dc0/locations/us-central1/services/sendNotificationOnOrderStatusUpdate","FUNCTION_SIGNATURE_TYPE":"cloudevent","FUNCTION_TARGET":"sendNotificationOnOrderStatusUpdate","LOG_EXECUTION_ID":"true"},"ingressSettings":null,"timeoutSeconds":null,"serviceAccountEmail":null,"availableMemory":"256Mi","minInstanceCount":null,"maxInstanceCount":null,"maxInstanceRequestConcurrency":80,"availableCpu":"1","vpcConnector":null,"vpcConnectorEgressSettings":null},"labels":{"deployment-tool":"cli-firebase","firebase-functions-hash":"e52475e85c6737b75d0936dc73e974bac49ca05e"},"eventTrigger":{"eventType":"google.cloud.firestore.document.v1.updated","retryPolicy":"RETRY_POLICY_DO_NOT_RETRY","eventFilters":[{"attribute":"database","value":"(default)"},{"attribute":"namespace","value":"(default)"},{"attribute":"document","value":"artifacts/{appId}/public/data/orders/{orderId}","operator":"match-path-pattern"}],"triggerRegion":"eur3"}}
[debug] [2025-11-16T18:40:44.847Z] <<< [apiv2][status] POST https://cloudfunctions.googleapis.com/v2/projects/salgados-da-bia-31dc0/locations/us-central1/functions 400
[debug] [2025-11-16T18:40:44.847Z] <<< [apiv2][body] POST https://cloudfunctions.googleapis.com/v2/projects/salgados-da-bia-31dc0/locations/us-central1/functions {"error":{"code":400,"message":"Validation failed for trigger projects/salgados-da-bia-31dc0/locations/eur3/triggers/sendnotificationonorderstatusupdate-505177: Invalid resource state for \"\": Permission denied while using the Eventarc Service Agent. If you recently started to use Eventarc, it may take a few minutes before all necessary permissions are propagated to the Service Agent. Otherwise, verify that it has Eventarc Service Agent role.","status":"FAILED_PRECONDITION"}}
[warn] !  functions: Request to https://cloudfunctions.googleapis.com/v2/projects/salgados-da-bia-31dc0/locations/us-central1/functions?functionId=sendNotificationOnOrderStatusUpdate had HTTP Error: 400, Validation failed for trigger projects/salgados-da-bia-31dc0/locations/eur3/triggers/sendnotificationonorderstatusupdate-505177: Invalid resource state for "": Permission denied while using the Eventarc Service Agent. If you recently started to use Eventarc, it may take a few minutes before all necessary permissions are propagated to the Service Agent. Otherwise, verify that it has Eventarc Service Agent role. 
[warn] !  functions: Since this is your first time using 2nd gen functions, we need a little bit longer to finish setting everything up. Retry the deployment in a few minutes. 
[warn] !  functions:  failed to create function projects/salgados-da-bia-31dc0/locations/us-central1/functions/sendNotificationOnOrderStatusUpdate 
[error] Failed to create function projects/salgados-da-bia-31dc0/locations/us-central1/functions/sendNotificationOnOrderStatusUpdate
[debug] [2025-11-16T18:40:44.857Z] Total Function Deployment time: 34337
[debug] [2025-11-16T18:40:44.857Z] 2 Functions Deployed
[debug] [2025-11-16T18:40:44.857Z] 2 Functions Errored
[debug] [2025-11-16T18:40:44.857Z] 0 Function Deployments Aborted
[debug] [2025-11-16T18:40:44.857Z] Average Function Deployment time: 26196.5
[info] 
[info] Functions deploy had errors with the following functions:
	sendNotificationOnNewOrder(us-central1)
	sendNotificationOnOrderStatusUpdate(us-central1)
[debug] [2025-11-16T18:40:45.050Z] Checked if tokens are valid: true, expires at: 1763321130391
[debug] [2025-11-16T18:40:45.050Z] Checked if tokens are valid: true, expires at: 1763321130391
[debug] [2025-11-16T18:40:45.050Z] >>> [apiv2][query] GET https://artifactregistry.googleapis.com/v1/projects/salgados-da-bia-31dc0/locations/us-central1/repositories/gcf-artifacts [none]
[debug] [2025-11-16T18:40:46.895Z] <<< [apiv2][status] GET https://artifactregistry.googleapis.com/v1/projects/salgados-da-bia-31dc0/locations/us-central1/repositories/gcf-artifacts 404
[debug] [2025-11-16T18:40:46.895Z] <<< [apiv2][body] GET https://artifactregistry.googleapis.com/v1/projects/salgados-da-bia-31dc0/locations/us-central1/repositories/gcf-artifacts {"error":{"code":404,"message":"Requested entity was not found.","status":"NOT_FOUND"}}
[debug] [2025-11-16T18:40:46.896Z] Failed to check artifact cleanup policy for region us-central1: Request to https://artifactregistry.googleapis.com/v1/projects/salgados-da-bia-31dc0/locations/us-central1/repositories/gcf-artifacts had HTTP Error: 404, Requested entity was not found. {"name":"FirebaseError","children":[],"context":{"body":{"error":{"code":404,"message":"Requested entity was not found.","status":"NOT_FOUND"}},"response":{"statusCode":404}},"exit":1,"message":"Request to https://artifactregistry.googleapis.com/v1/projects/salgados-da-bia-31dc0/locations/us-central1/repositories/gcf-artifacts had HTTP Error: 404, Requested entity was not found.","status":404}
[debug] [2025-11-16T18:40:46.899Z] Functions deploy failed.
[debug] [2025-11-16T18:40:46.899Z] {
  "endpoint": {
    "id": "sendNotificationOnNewOrder",
    "project": "salgados-da-bia-31dc0",
    "region": "us-central1",
    "entryPoint": "sendNotificationOnNewOrder",
    "platform": "gcfv2",
    "runtime": "nodejs22",
    "eventTrigger": {
      "eventType": "google.cloud.firestore.document.v1.created",
      "retry": false,
      "eventFilters": {
        "database": "(default)",
        "namespace": "(default)"
      },
      "eventFilterPathPatterns": {
        "document": "artifacts/{appId}/public/data/orders/{orderId}"
      },
      "region": "eur3"
    },
    "labels": {
      "deployment-tool": "cli-firebase"
    },
    "serviceAccount": null,
    "ingressSettings": null,
    "availableMemoryMb": null,
    "timeoutSeconds": null,
    "maxInstances": null,
    "minInstances": null,
    "concurrency": 80,
    "vpc": null,
    "environmentVariables": {
      "FIREBASE_CONFIG": "{\"projectId\":\"salgados-da-bia-31dc0\",\"storageBucket\":\"salgados-da-bia-31dc0.firebasestorage.app\"}",
      "GCLOUD_PROJECT": "salgados-da-bia-31dc0",
      "EVENTARC_CLOUD_EVENT_SOURCE": "projects/salgados-da-bia-31dc0/locations/us-central1/services/sendNotificationOnNewOrder"
    },
    "codebase": "default",
    "cpu": 1,
    "targetedByOnly": false,
    "hash": "e52475e85c6737b75d0936dc73e974bac49ca05e"
  },
  "op": "create",
  "original": {
    "name": "FirebaseError",
    "children": [],
    "context": {
      "function": "projects/salgados-da-bia-31dc0/locations/us-central1/functions/sendNotificationOnNewOrder"
    },
    "exit": 1,
    "message": "Failed to create function projects/salgados-da-bia-31dc0/locations/us-central1/functions/sendNotificationOnNewOrder",
    "original": {
      "name": "FirebaseError",
      "children": [],
      "context": {
        "body": {
          "error": {
            "code": 400,
            "message": "Validation failed for trigger projects/salgados-da-bia-31dc0/locations/eur3/triggers/sendnotificationonneworder-896884: Invalid resource state for \"\": Permission denied while using the Eventarc Service Agent. If you recently started to use Eventarc, it may take a few minutes before all necessary permissions are propagated to the Service Agent. Otherwise, verify that it has Eventarc Service Agent role.",
            "status": "FAILED_PRECONDITION"
          }
        },
        "response": {
          "statusCode": 400
        }
      },
      "exit": 1,
      "message": "Request to https://cloudfunctions.googleapis.com/v2/projects/salgados-da-bia-31dc0/locations/us-central1/functions?functionId=sendNotificationOnNewOrder had HTTP Error: 400, Validation failed for trigger projects/salgados-da-bia-31dc0/locations/eur3/triggers/sendnotificationonneworder-896884: Invalid resource state for \"\": Permission denied while using the Eventarc Service Agent. If you recently started to use Eventarc, it may take a few minutes before all necessary permissions are propagated to the Service Agent. Otherwise, verify that it has Eventarc Service Agent role.",
      "status": 400
    },
    "status": 400,
    "code": 400
  }
}
[debug] [2025-11-16T18:40:46.900Z] {
  "endpoint": {
    "id": "sendNotificationOnOrderStatusUpdate",
    "project": "salgados-da-bia-31dc0",
    "region": "us-central1",
    "entryPoint": "sendNotificationOnOrderStatusUpdate",
    "platform": "gcfv2",
    "runtime": "nodejs22",
    "eventTrigger": {
      "eventType": "google.cloud.firestore.document.v1.updated",
      "retry": false,
      "eventFilters": {
        "database": "(default)",
        "namespace": "(default)"
      },
      "eventFilterPathPatterns": {
        "document": "artifacts/{appId}/public/data/orders/{orderId}"
      },
      "region": "eur3"
    },
    "labels": {
      "deployment-tool": "cli-firebase"
    },
    "serviceAccount": null,
    "ingressSettings": null,
    "availableMemoryMb": null,
    "timeoutSeconds": null,
    "maxInstances": null,
    "minInstances": null,
    "concurrency": 80,
    "vpc": null,
    "environmentVariables": {
      "FIREBASE_CONFIG": "{\"projectId\":\"salgados-da-bia-31dc0\",\"storageBucket\":\"salgados-da-bia-31dc0.firebasestorage.app\"}",
      "GCLOUD_PROJECT": "salgados-da-bia-31dc0",
      "EVENTARC_CLOUD_EVENT_SOURCE": "projects/salgados-da-bia-31dc0/locations/us-central1/services/sendNotificationOnOrderStatusUpdate"
    },
    "codebase": "default",
    "cpu": 1,
    "targetedByOnly": false,
    "hash": "e52475e85c6737b75d0936dc73e974bac49ca05e"
  },
  "op": "create",
  "original": {
    "name": "FirebaseError",
    "children": [],
    "context": {
      "function": "projects/salgados-da-bia-31dc0/locations/us-central1/functions/sendNotificationOnOrderStatusUpdate"
    },
    "exit": 1,
    "message": "Failed to create function projects/salgados-da-bia-31dc0/locations/us-central1/functions/sendNotificationOnOrderStatusUpdate",
    "original": {
      "name": "FirebaseError",
      "children": [],
      "context": {
        "body": {
          "error": {
            "code": 400,
            "message": "Validation failed for trigger projects/salgados-da-bia-31dc0/locations/eur3/triggers/sendnotificationonorderstatusupdate-505177: Invalid resource state for \"\": Permission denied while using the Eventarc Service Agent. If you recently started to use Eventarc, it may take a few minutes before all necessary permissions are propagated to the Service Agent. Otherwise, verify that it has Eventarc Service Agent role.",
            "status": "FAILED_PRECONDITION"
          }
        },
        "response": {
          "statusCode": 400
        }
      },
      "exit": 1,
      "message": "Request to https://cloudfunctions.googleapis.com/v2/projects/salgados-da-bia-31dc0/locations/us-central1/functions?functionId=sendNotificationOnOrderStatusUpdate had HTTP Error: 400, Validation failed for trigger projects/salgados-da-bia-31dc0/locations/eur3/triggers/sendnotificationonorderstatusupdate-505177: Invalid resource state for \"\": Permission denied while using the Eventarc Service Agent. If you recently started to use Eventarc, it may take a few minutes before all necessary permissions are propagated to the Service Agent. Otherwise, verify that it has Eventarc Service Agent role.",
      "status": 400
    },
    "status": 400,
    "code": 400
  }
}
[error] Error: There was an error deploying functions:
[error] - Error Failed to create function sendNotificationOnNewOrder in region us-central1
[error] - Error Failed to create function sendNotificationOnOrderStatusUpdate in region us-central1
